This is pdfTeX, Version 3.14159265-2.6-1.40.18 (MiKTeX 2.9.6350) (preloaded format=pdflatex 2017.6.13)  1 FEB 2018 14:51
entering extended mode
**./ProjectReport.tex
(ProjectReport.tex
LaTeX2e <2017-04-15>
Babel <3.10> and hyphenation patterns for 76 language(s) loaded.
("C:\Program Files (x86)\MiKTeX 2.9\tex\latex\base\article.cls"
Document Class: article 2014/09/29 v1.4h Standard LaTeX document class
("C:\Program Files (x86)\MiKTeX 2.9\tex\latex\base\size12.clo"
File: size12.clo 2014/09/29 v1.4h Standard LaTeX file (size option)
)
\c@part=\count79
\c@section=\count80
\c@subsection=\count81
\c@subsubsection=\count82
\c@paragraph=\count83
\c@subparagraph=\count84
\c@figure=\count85
\c@table=\count86
\abovecaptionskip=\skip41
\belowcaptionskip=\skip42
\bibindent=\dimen102
)
("C:\Program Files (x86)\MiKTeX 2.9\tex\latex\graphics\graphicx.sty"
Package: graphicx 2014/10/28 v1.0g Enhanced LaTeX Graphics (DPC,SPQR)

("C:\Program Files (x86)\MiKTeX 2.9\tex\latex\graphics\keyval.sty"
Package: keyval 2014/10/28 v1.15 key=value parser (DPC)
\KV@toks@=\toks14
)
("C:\Program Files (x86)\MiKTeX 2.9\tex\latex\graphics\graphics.sty"
Package: graphics 2017/04/14 v1.1b Standard LaTeX Graphics (DPC,SPQR)

("C:\Program Files (x86)\MiKTeX 2.9\tex\latex\graphics\trig.sty"
Package: trig 2016/01/03 v1.10 sin cos tan (DPC)
)
("C:\Program Files (x86)\MiKTeX 2.9\tex\latex\graphics-cfg\graphics.cfg"
File: graphics.cfg 2016/06/04 v1.11 sample graphics configuration
)
Package graphics Info: Driver file: pdftex.def on input line 99.

("C:\Program Files (x86)\MiKTeX 2.9\tex\latex\graphics-def\pdftex.def"
File: pdftex.def 2017/01/12 v0.06k Graphics/color for pdfTeX

("C:\Program Files (x86)\MiKTeX 2.9\tex\generic\oberdiek\infwarerr.sty"
Package: infwarerr 2016/05/16 v1.4 Providing info/warning/error messages (HO)
)
("C:\Program Files (x86)\MiKTeX 2.9\tex\generic\oberdiek\ltxcmds.sty"
Package: ltxcmds 2016/05/16 v1.23 LaTeX kernel commands for general use (HO)
)
\Gread@gobject=\count87
))
\Gin@req@height=\dimen103
\Gin@req@width=\dimen104
)
("C:\Program Files (x86)\MiKTeX 2.9\tex\latex\caption\subcaption.sty"
Package: subcaption 2016/05/22 v1.1-161 Sub-captions (AR)

("C:\Program Files (x86)\MiKTeX 2.9\tex\latex\caption\caption.sty"
Package: caption 2016/02/21 v3.3-144 Customizing captions (AR)

("C:\Program Files (x86)\MiKTeX 2.9\tex\latex\caption\caption3.sty"
Package: caption3 2016/05/22 v1.7-166 caption3 kernel (AR)
Package caption3 Info: TeX engine: e-TeX on input line 67.
\captionmargin=\dimen105
\captionmargin@=\dimen106
\captionwidth=\dimen107
\caption@tempdima=\dimen108
\caption@indent=\dimen109
\caption@parindent=\dimen110
\caption@hangindent=\dimen111
)
\c@ContinuedFloat=\count88
)
\c@subfigure=\count89
\c@subtable=\count90
)
("C:\Program Files (x86)\MiKTeX 2.9\tex\latex\float\float.sty"
Package: float 2001/11/08 v1.3d Float enhancements (AL)
\c@float@type=\count91
\float@exts=\toks15
\float@box=\box26
\@float@everytoks=\toks16
\@floatcapt=\box27
)
("C:\Program Files (x86)\MiKTeX 2.9\tex\latex\amsmath\amsmath.sty"
Package: amsmath 2016/11/05 v2.16a AMS math features
\@mathmargin=\skip43

For additional information on amsmath, use the `?' option.
("C:\Program Files (x86)\MiKTeX 2.9\tex\latex\amsmath\amstext.sty"
Package: amstext 2000/06/29 v2.01 AMS text

("C:\Program Files (x86)\MiKTeX 2.9\tex\latex\amsmath\amsgen.sty"
File: amsgen.sty 1999/11/30 v2.0 generic functions
\@emptytoks=\toks17
\ex@=\dimen112
))
("C:\Program Files (x86)\MiKTeX 2.9\tex\latex\amsmath\amsbsy.sty"
Package: amsbsy 1999/11/29 v1.2d Bold Symbols
\pmbraise@=\dimen113
)
("C:\Program Files (x86)\MiKTeX 2.9\tex\latex\amsmath\amsopn.sty"
Package: amsopn 2016/03/08 v2.02 operator names
)
\inf@bad=\count92
LaTeX Info: Redefining \frac on input line 213.
\uproot@=\count93
\leftroot@=\count94
LaTeX Info: Redefining \overline on input line 375.
\classnum@=\count95
\DOTSCASE@=\count96
LaTeX Info: Redefining \ldots on input line 472.
LaTeX Info: Redefining \dots on input line 475.
LaTeX Info: Redefining \cdots on input line 596.
\Mathstrutbox@=\box28
\strutbox@=\box29
\big@size=\dimen114
LaTeX Font Info:    Redeclaring font encoding OML on input line 712.
LaTeX Font Info:    Redeclaring font encoding OMS on input line 713.
\macc@depth=\count97
\c@MaxMatrixCols=\count98
\dotsspace@=\muskip10
\c@parentequation=\count99
\dspbrk@lvl=\count100
\tag@help=\toks18
\row@=\count101
\column@=\count102
\maxfields@=\count103
\andhelp@=\toks19
\eqnshift@=\dimen115
\alignsep@=\dimen116
\tagshift@=\dimen117
\tagwidth@=\dimen118
\totwidth@=\dimen119
\lineht@=\dimen120
\@envbody=\toks20
\multlinegap=\skip44
\multlinetaggap=\skip45
\mathdisplay@stack=\toks21
LaTeX Info: Redefining \[ on input line 2817.
LaTeX Info: Redefining \] on input line 2818.
)
("C:\Program Files (x86)\MiKTeX 2.9\tex\latex\multirow\multirow.sty"
Package: multirow 2016/11/25 v2.2 Span multiple rows of a table
\multirow@colwidth=\skip46
\multirow@cntb=\count104
\multirow@dima=\skip47
\bigstrutjot=\dimen121
)
(ProjectReport.aux)
\openout1 = `ProjectReport.aux'.

LaTeX Font Info:    Checking defaults for OML/cmm/m/it on input line 11.
LaTeX Font Info:    ... okay on input line 11.
LaTeX Font Info:    Checking defaults for T1/cmr/m/n on input line 11.
LaTeX Font Info:    ... okay on input line 11.
LaTeX Font Info:    Checking defaults for OT1/cmr/m/n on input line 11.
LaTeX Font Info:    ... okay on input line 11.
LaTeX Font Info:    Checking defaults for OMS/cmsy/m/n on input line 11.
LaTeX Font Info:    ... okay on input line 11.
LaTeX Font Info:    Checking defaults for OMX/cmex/m/n on input line 11.
LaTeX Font Info:    ... okay on input line 11.
LaTeX Font Info:    Checking defaults for U/cmr/m/n on input line 11.
LaTeX Font Info:    ... okay on input line 11.

("C:\Program Files (x86)\MiKTeX 2.9\tex\context\base\supp-pdf.mkii"
[Loading MPS to PDF converter (version 2006.09.02).]
\scratchcounter=\count105
\scratchdimen=\dimen122
\scratchbox=\box30
\nofMPsegments=\count106
\nofMParguments=\count107
\everyMPshowfont=\toks22
\MPscratchCnt=\count108
\MPscratchDim=\dimen123
\MPnumerator=\count109
\makeMPintoPDFobject=\count110
\everyMPtoPDFconversion=\toks23
) ("C:\Program Files (x86)\MiKTeX 2.9\tex\generic\oberdiek\pdftexcmds.sty"
Package: pdftexcmds 2017/03/19 v0.25 Utility functions of pdfTeX for LuaTeX (HO
)

("C:\Program Files (x86)\MiKTeX 2.9\tex\generic\oberdiek\ifluatex.sty"
Package: ifluatex 2016/05/16 v1.4 Provides the ifluatex switch (HO)
Package ifluatex Info: LuaTeX not detected.
)
("C:\Program Files (x86)\MiKTeX 2.9\tex\generic\oberdiek\ifpdf.sty"
Package: ifpdf 2017/03/15 v3.2 Provides the ifpdf switch
)
Package pdftexcmds Info: LuaTeX not detected.
Package pdftexcmds Info: \pdf@primitive is available.
Package pdftexcmds Info: \pdf@ifprimitive is available.
Package pdftexcmds Info: \pdfdraftmode found.
)
("C:\Program Files (x86)\MiKTeX 2.9\tex\latex\oberdiek\epstopdf-base.sty"
Package: epstopdf-base 2016/05/15 v2.6 Base part for package epstopdf

("C:\Program Files (x86)\MiKTeX 2.9\tex\latex\oberdiek\grfext.sty"
Package: grfext 2016/05/16 v1.2 Manage graphics extensions (HO)

("C:\Program Files (x86)\MiKTeX 2.9\tex\generic\oberdiek\kvdefinekeys.sty"
Package: kvdefinekeys 2016/05/16 v1.4 Define keys (HO)
))
("C:\Program Files (x86)\MiKTeX 2.9\tex\latex\oberdiek\kvoptions.sty"
Package: kvoptions 2016/05/16 v3.12 Key value format for package options (HO)

("C:\Program Files (x86)\MiKTeX 2.9\tex\generic\oberdiek\kvsetkeys.sty"
Package: kvsetkeys 2016/05/16 v1.17 Key value parser (HO)

("C:\Program Files (x86)\MiKTeX 2.9\tex\generic\oberdiek\etexcmds.sty"
Package: etexcmds 2016/05/16 v1.6 Avoid name clashes with e-TeX commands (HO)
Package etexcmds Info: Could not find \expanded.
(etexcmds)             That can mean that you are not using pdfTeX 1.50 or
(etexcmds)             that some package has redefined \expanded.
(etexcmds)             In the latter case, load this package earlier.
)))
Package epstopdf-base Info: Redefining graphics rule for `.eps' on input line 4
38.
Package grfext Info: Graphics extension search list:
(grfext)             [.png,.pdf,.jpg,.mps,.jpeg,.jbig2,.jb2,.PNG,.PDF,.JPG,.JPE
G,.JBIG2,.JB2,.eps]
(grfext)             \AppendGraphicsExtensions on input line 456.
)
Package caption Info: Begin \AtBeginDocument code.
Package caption Info: float package is loaded.
Package caption Info: End \AtBeginDocument code.

(ProjectReport.toc)
\tf@toc=\write3
\openout3 = `ProjectReport.toc'.

 [1

{C:/ProgramData/MiKTeX/2.9/pdftex/config/pdftex.map}]
(ProjectReport.lof)
\tf@lof=\write4
\openout4 = `ProjectReport.lof'.

 [2] (ProjectReport.lot)
\tf@lot=\write5
\openout5 = `ProjectReport.lot'.

 [3]
Missing character: There is no â in font cmr12!
Missing character: There is no € in font cmr12!
Missing character: There is no ™ in font cmr12!

<Images/1.jpg, id=13, 225.84375pt x 152.82094pt>
File: Images/1.jpg Graphic file (type jpg)
 <use Images/1.jpg>
Package pdftex.def Info: Images/1.jpg used on input line 24.
(pdftex.def)             Requested size: 312.00119pt x 211.14726pt.
 [4]
[5 <./Images/1.jpg>] <Images/2.jpg, id=20, 420.3705pt x 107.80275pt>
File: Images/2.jpg Graphic file (type jpg)

<use Images/2.jpg>
Package pdftex.def Info: Images/2.jpg used on input line 45.
(pdftex.def)             Requested size: 312.00119pt x 80.01622pt.
 [6 <./Images/2.jpg>]
Underfull \hbox (badness 10000) in paragraph at lines 51--55

 []

LaTeX Font Info:    Try loading font information for OMS+cmr on input line 58.
("C:\Program Files (x86)\MiKTeX 2.9\tex\latex\base\omscmr.fd"
File: omscmr.fd 2014/09/29 v2.5h Standard LaTeX font definitions
)
LaTeX Font Info:    Font shape `OMS/cmr/m/n' in size <12> not available
(Font)              Font shape `OMS/cmsy/m/n' tried instead on input line 58.
Missing character: There is no â in font cmr12!
Missing character: There is no € in font cmr12!
Missing character: There is no ™ in font cmr12!
Missing character: There is no â in font cmr12!
Missing character: There is no € in font cmr12!
Missing character: There is no ™ in font cmr12!

<Images/3.jpg, id=24, 523.9575pt x 108.405pt>
File: Images/3.jpg Graphic file (type jpg)
 <use Images/3.jpg>
Package pdftex.def Info: Images/3.jpg used on input line 67.
(pdftex.def)             Requested size: 312.00119pt x 64.55386pt.
 [7]
<Images/4.jpg, id=31, 462.72874pt x 462.72874pt>
File: Images/4.jpg Graphic file (type jpg)
 <use Images/4.jpg>
Package pdftex.def Info: Images/4.jpg used on input line 76.
(pdftex.def)             Requested size: 312.00119pt x 312.00363pt.
 [8 <./Images/3.jpg>] [9 <./Images/4.jpg>] <Images/5.jpg, id=40, 702.625pt x 45
1.6875pt>
File: Images/5.jpg Graphic file (type jpg)

<use Images/5.jpg>
Package pdftex.def Info: Images/5.jpg used on input line 92.
(pdftex.def)             Requested size: 312.00119pt x 200.57643pt.
 <Images/6.jpg, id=41, 702.625pt x 469.755pt>
File: Images/6.jpg Graphic file (type jpg)

<use Images/6.jpg>
Package pdftex.def Info: Images/6.jpg used on input line 99.
(pdftex.def)             Requested size: 312.00119pt x 208.59949pt.
 <Images/7.jpg, id=42, 702.625pt x 451.6875pt>
File: Images/7.jpg Graphic file (type jpg)

<use Images/7.jpg>
Package pdftex.def Info: Images/7.jpg used on input line 106.
(pdftex.def)             Requested size: 312.00119pt x 200.57643pt.
 <Images/8.jpg, id=43, 702.625pt x 451.6875pt>
File: Images/8.jpg Graphic file (type jpg)

<use Images/8.jpg>
Package pdftex.def Info: Images/8.jpg used on input line 113.
(pdftex.def)             Requested size: 312.00119pt x 200.57643pt.
 <Images/9.jpg, id=44, 345.08925pt x 258.36525pt>
File: Images/9.jpg Graphic file (type jpg)

<use Images/9.jpg>
Package pdftex.def Info: Images/9.jpg used on input line 122.
(pdftex.def)             Requested size: 312.00119pt x 233.60677pt.
 [10 <./Images/5.jpg>] [11 <./Images/6.jpg> <./Images/7.jpg>]

LaTeX Warning: `h' float specifier changed to `ht'.

<Images/29.jpg, id=51, 3068.46375pt x 2315.65125pt>
File: Images/29.jpg Graphic file (type jpg)
 <use Images/29.jpg>
Package pdftex.def Info: Images/29.jpg used on input line 131.
(pdftex.def)             Requested size: 312.00119pt x 235.43008pt.


LaTeX Warning: `h' float specifier changed to `ht'.

<Images/12.jpg, id=52, 522.15076pt x 277.035pt>
File: Images/12.jpg Graphic file (type jpg)
 <use Images/12.jpg>
Package pdftex.def Info: Images/12.jpg used on input line 140.
(pdftex.def)             Requested size: 390.0pt x 206.92606pt.


LaTeX Warning: `h' float specifier changed to `ht'.

[12 <./Images/8.jpg>] [13 <./Images/9.jpg>]
<Images/13.jpg, id=61, 2624.80624pt x 1699.34875pt>
File: Images/13.jpg Graphic file (type jpg)
 <use Images/13.jpg>
Package pdftex.def Info: Images/13.jpg used on input line 172.
(pdftex.def)             Requested size: 312.00119pt x 201.99423pt.

<Images/14.jpg, id=62, 932.48375pt x 655.44875pt>
File: Images/14.jpg Graphic file (type jpg)
 <use Images/14.jpg>
Package pdftex.def Info: Images/14.jpg used on input line 179.
(pdftex.def)             Requested size: 312.00119pt x 219.30914pt.

<Images/15.jpg, id=63, 391.4625pt x 248.42813pt>
File: Images/15.jpg Graphic file (type jpg)
 <use Images/15.jpg>
Package pdftex.def Info: Images/15.jpg used on input line 187.
(pdftex.def)             Requested size: 312.00119pt x 198.01115pt.

<Images/16.jpg, id=64, 391.4625pt x 248.42813pt>
File: Images/16.jpg Graphic file (type jpg)
 <use Images/16.jpg>
Package pdftex.def Info: Images/16.jpg used on input line 194.
(pdftex.def)             Requested size: 312.00119pt x 198.01115pt.

<Images/17.jpg, id=65, 347.79938pt x 242.40562pt>
File: Images/17.jpg Graphic file (type jpg)
 <use Images/17.jpg>
Package pdftex.def Info: Images/17.jpg used on input line 203.
(pdftex.def)             Requested size: 312.00119pt x 217.46394pt.


LaTeX Warning: `h' float specifier changed to `ht'.

<Images/18.jpg, id=66, 805.20825pt x 626.94225pt>
File: Images/18.jpg Graphic file (type jpg)
 <use Images/18.jpg>
Package pdftex.def Info: Images/18.jpg used on input line 212.
(pdftex.def)             Requested size: 312.00119pt x 242.92804pt.
 [14 <./Images/29.jpg>]

LaTeX Warning: `h' float specifier changed to `ht'.

[15 <./Images/12.jpg>] [16 <./Images/13.jpg> <./Images/14.jpg>] [17 <./Images/1
5.jpg> <./Images/16.jpg>]
Underfull \hbox (badness 3590) in paragraph at lines 226--226
[]\OT1/cmr/m/n/12 Pin num-ber on Ar-duino
 []

[18 <./Images/17.jpg>]

LaTeX Warning: `h' float specifier changed to `ht'.

[19 <./Images/18.jpg>] [20] [21]
Overfull \hbox (60.77522pt too wide) in paragraph at lines 301--301
[]\OT1/cmtt/m/n/12 CREATE TABLE patient1 (id MEDIUMINT NOT NULL AUTO_INCREMENT,
 ecg SMALLINT[] 
 []

[22] <Images/19.jpg, id=98, 507.69675pt x 511.31026pt>
File: Images/19.jpg Graphic file (type jpg)
 <use Images/19.jpg>
Package pdftex.def Info: Images/19.jpg used on input line 314.
(pdftex.def)             Requested size: 312.00119pt x 314.22377pt.

<Images/20.jpg, id=99, 479.99326pt x 431.81325pt>
File: Images/20.jpg Graphic file (type jpg)
 <use Images/20.jpg>
Package pdftex.def Info: Images/20.jpg used on input line 321.
(pdftex.def)             Requested size: 312.00119pt x 280.69504pt.
 [23]
[24 <./Images/19.jpg>]
Overfull \hbox (29.9002pt too wide) in paragraph at lines 330--330
[]\OT1/cmtt/m/n/12 port=3306; Initial Catalog=ecgpedodata;User Id=proj;password
=mnp" />[] 
 []

[25 <./Images/20.jpg>] <Images/21.jpg, id=110, 2578.63374pt x 1871.99374pt>
File: Images/21.jpg Graphic file (type jpg)

<use Images/21.jpg>
Package pdftex.def Info: Images/21.jpg used on input line 337.
(pdftex.def)             Requested size: 312.00119pt x 226.48624pt.
 <Images/22.jpg, id=111, 3233.07875pt x 2169.10374pt>
File: Images/22.jpg Graphic file (type jpg)

<use Images/22.jpg>
Package pdftex.def Info: Images/22.jpg used on input line 344.
(pdftex.def)             Requested size: 312.00119pt x 209.31058pt.
 [26 <./Images/21.jpg>]
<Images/23.jpg, id=115, 117.43875pt x 213.1965pt>
File: Images/23.jpg Graphic file (type jpg)
 <use Images/23.jpg>
Package pdftex.def Info: Images/23.jpg used on input line 352.
(pdftex.def)             Requested size: 117.00119pt x 212.4022pt.

<Images/24.jpg, id=116, 3276.24pt x 2457.18pt>
File: Images/24.jpg Graphic file (type jpg)
 <use Images/24.jpg>
Package pdftex.def Info: Images/24.jpg used on input line 359.
(pdftex.def)             Requested size: 312.00119pt x 233.99693pt.
 [27 <./Images/22.jpg>] <Images/25.jpg, id=120, 2895.81876pt x 1932.21875pt>
File: Images/25.jpg Graphic file (type jpg)

<use Images/25.jpg>
Package pdftex.def Info: Images/25.jpg used on input line 366.
(pdftex.def)             Requested size: 312.00119pt x 208.1812pt.
 [28 <./Images/23.jpg> <./Images/24.jpg>] [29 <./Images/25.jpg>] <Images/26.jpg
, id=127, 576.9555pt x 275.22826pt>
File: Images/26.jpg Graphic file (type jpg)
 <use Images/26.jpg>
Package pdftex.def Info: Images/26.jpg used on input line 378.
(pdftex.def)             Requested size: 312.00119pt x 148.83942pt.

<Images/27.jpg, id=128, 582.978pt x 275.22826pt>
File: Images/27.jpg Graphic file (type jpg)
 <use Images/27.jpg>
Package pdftex.def Info: Images/27.jpg used on input line 385.
(pdftex.def)             Requested size: 312.00119pt x 147.29816pt.

<Images/28.jpg, id=129, 582.37575pt x 277.035pt>
File: Images/28.jpg Graphic file (type jpg)
 <use Images/28.jpg>
Package pdftex.def Info: Images/28.jpg used on input line 393.
(pdftex.def)             Requested size: 312.00119pt x 148.42572pt.
 [30 <./Images/26.jpg> <./Images/27.jpg>] [31 <./Images/28.jpg>] [32]
Missing character: There is no â in font cmti12!
Missing character: There is no € in font cmti12!
Missing character: There is no “ in font cmti12!

Overfull \hbox (64.9738pt too wide) in paragraph at lines 439--442
\OT1/cmtt/m/n/12 http://www3.gehealthcare.com/en/Products/Categories/Patient[]M
onitoring/ 
 []

Missing character: There is no â in font cmti12!
Missing character: There is no „ in font cmti12!
Missing character: There is no ¢ in font cmti12!

Overfull \hbox (72.8778pt too wide) in paragraph at lines 449--452
\OT1/cmtt/m/n/12 http://www.bostonscientific.com/en-US/products/remote-patient-
monitoring 
 []

[33] [34] (ProjectReport.aux) ) 
Here is how much of TeX's memory you used:
 3521 strings out of 493319
 52751 string characters out of 3136337
 118836 words of memory out of 3000000
 6996 multiletter control sequences out of 15000+200000
 9084 words of font info for 33 fonts, out of 3000000 for 9000
 1141 hyphenation exceptions out of 8191
 42i,10n,40p,1588b,295s stack positions out of 5000i,500n,10000p,200000b,50000s
<C:/Program Files (x86)/MiKTeX 2.9/fonts/type1/p
ublic/amsfonts/cm/cmbx12.pfb><C:/Program Files (x86)/MiKTeX 2.9/fonts/type1/pub
lic/amsfonts/cm/cmex10.pfb><C:/Program Files (x86)/MiKTeX 2.9/fonts/type1/publi
c/amsfonts/cm/cmmi12.pfb><C:/Program Files (x86)/MiKTeX 2.9/fonts/type1/public/
amsfonts/cm/cmr12.pfb><C:/Program Files (x86)/MiKTeX 2.9/fonts/type1/public/ams
fonts/cm/cmr8.pfb><C:/Program Files (x86)/MiKTeX 2.9/fonts/type1/public/amsfont
s/cm/cmsy10.pfb><C:/Program Files (x86)/MiKTeX 2.9/fonts/type1/public/amsfonts/
cm/cmti12.pfb><C:/Program Files (x86)/MiKTeX 2.9/fonts/type1/public/amsfonts/cm
/cmtt12.pfb>
Output written on ProjectReport.pdf (34 pages, 11888492 bytes).
PDF statistics:
 173 PDF objects out of 1000 (max. 8388607)
 0 named destinations out of 1000 (max. 500000)
 136 words of extra memory for PDF output out of 10000 (max. 10000000)

